Use CONNECT or CREATE DATABASE to specify a database
Use CONNECT or CREATE DATABASE to specify a database
Use CONNECT or CREATE DATABASE to specify a database
Use CONNECT or CREATE DATABASE to specify a database
Use CONNECT or CREATE DATABASE to specify a database
Use CONNECT or CREATE DATABASE to specify a database
Use CONNECT or CREATE DATABASE to specify a database
Use CONNECT or CREATE DATABASE to specify a database
Use CONNECT or CREATE DATABASE to specify a database
Use CONNECT or CREATE DATABASE to specify a database
Use CONNECT or CREATE DATABASE to specify a database
Use CONNECT or CREATE DATABASE to specify a database
Use CONNECT or CREATE DATABASE to specify a database
Use CONNECT or CREATE DATABASE to specify a database
Use CONNECT or CREATE DATABASE to specify a database
Use CONNECT or CREATE DATABASE to specify a database
Use CONNECT or CREATE DATABASE to specify a database
Use CONNECT or CREATE DATABASE to specify a database
Use CONNECT or CREATE DATABASE to specify a database
Use CONNECT or CREATE DATABASE to specify a database
Use CONNECT or CREATE DATABASE to specify a database
Use CONNECT or CREATE DATABASE to specify a database
Use CONNECT or CREATE DATABASE to specify a database
Use CONNECT or CREATE DATABASE to specify a database
Use CONNECT or CREATE DATABASE to specify a database
Use CONNECT or CREATE DATABASE to specify a database
Use CONNECT or CREATE DATABASE to specify a database
Use CONNECT or CREATE DATABASE to specify a database
Use CONNECT or CREATE DATABASE to specify a database
Statement failed, SQLSTATE = 42000
Dynamic SQL Error
-SQL error code = -104
-Token unknown - line 4, column 27
-=
At line 10 in file /home/tiff/Stage-IUT/app/hotel-precheck/src/Database/4_dbCrea_procedures.sql
Statement failed, SQLSTATE = 42000
Dynamic SQL Error
-SQL error code = -104
-Token unknown - line 4, column 27
-=
At line 29 in file /home/tiff/Stage-IUT/app/hotel-precheck/src/Database/4_dbCrea_procedures.sql
Statement failed, SQLSTATE = 42000
Dynamic SQL Error
-SQL error code = -104
-Token unknown - line 4, column 27
-=
At line 55 in file /home/tiff/Stage-IUT/app/hotel-precheck/src/Database/4_dbCrea_procedures.sql
Statement failed, SQLSTATE = 42000
Dynamic SQL Error
-SQL error code = -104
-Token unknown - line 4, column 27
-=
At line 89 in file /home/tiff/Stage-IUT/app/hotel-precheck/src/Database/4_dbCrea_procedures.sql
Statement failed, SQLSTATE = 42000
Dynamic SQL Error
-SQL error code = -104
-Token unknown - line 1, column 55
-AS
At line 128 in file /home/tiff/Stage-IUT/app/hotel-precheck/src/Database/4_dbCrea_procedures.sql
Statement failed, SQLSTATE = 42000
Dynamic SQL Error
-SQL error code = -104
-Token unknown - line 1, column 54
-AS
At line 135 in file /home/tiff/Stage-IUT/app/hotel-precheck/src/Database/4_dbCrea_procedures.sql
Statement failed, SQLSTATE = 42000
Dynamic SQL Error
-SQL error code = -104
-Token unknown - line 1, column 56
-AS
At line 142 in file /home/tiff/Stage-IUT/app/hotel-precheck/src/Database/4_dbCrea_procedures.sql
Statement failed, SQLSTATE = 42000
Dynamic SQL Error
-SQL error code = -104
-Token unknown - line 1, column 55
-AS
At line 149 in file /home/tiff/Stage-IUT/app/hotel-precheck/src/Database/4_dbCrea_procedures.sql
Statement failed, SQLSTATE = 42000
Dynamic SQL Error
-SQL error code = -104
-Token unknown - line 7, column 9
-INCREMENTYEARLYCOUNTERBY
At line 169 in file /home/tiff/Stage-IUT/app/hotel-precheck/src/Database/4_dbCrea_procedures.sql
Statement failed, SQLSTATE = 42000
Dynamic SQL Error
-SQL error code = -104
-Token unknown - line 7, column 9
-INCREMENTMONTHLYCOUNTERBY
At line 179 in file /home/tiff/Stage-IUT/app/hotel-precheck/src/Database/4_dbCrea_procedures.sql
Statement failed, SQLSTATE = 42000
Dynamic SQL Error
-SQL error code = -104
-Token unknown - line 7, column 9
-INCREMENTDAYLYCOUNTERBY
At line 189 in file /home/tiff/Stage-IUT/app/hotel-precheck/src/Database/4_dbCrea_procedures.sql
Statement failed, SQLSTATE = 42000
Dynamic SQL Error
-SQL error code = -104
-Token unknown - line 7, column 9
-INCREMENTHOURLYCOUNTERBY
At line 199 in file /home/tiff/Stage-IUT/app/hotel-precheck/src/Database/4_dbCrea_procedures.sql
Use CONNECT or CREATE DATABASE to specify a database
Statement failed, SQLSTATE = 42S02
Dynamic SQL Error
-SQL error code = -204
-Table unknown
-VAT
-At line 1, column 13
At line 80 in file dbInitScript.sql
Statement failed, SQLSTATE = 42S22
Dynamic SQL Error
-SQL error code = -206
-Column unknown
-VAT_ID
-At line 1, column 56
At line 86 in file dbInitScript.sql
Statement failed, SQLSTATE = 42S22
Dynamic SQL Error
-SQL error code = -206
-Column unknown
-VAT_ID
-At line 1, column 56
At line 88 in file dbInitScript.sql
Statement failed, SQLSTATE = 42S22
Dynamic SQL Error
-SQL error code = -206
-Column unknown
-VAT_ID
-At line 1, column 56
At line 89 in file dbInitScript.sql
Statement failed, SQLSTATE = 42S22
Dynamic SQL Error
-SQL error code = -206
-Column unknown
-VAT_ID
-At line 1, column 56
At line 90 in file dbInitScript.sql
Statement failed, SQLSTATE = 23000
violation of FOREIGN KEY constraint "FK_SERVICES_TYPE" on table "SERVICES"
-Foreign key reference target does not exist
After line 99 in file dbInitScript.sql
Statement failed, SQLSTATE = 23000
violation of FOREIGN KEY constraint "FK_SERVICES_TYPE" on table "SERVICES"
-Foreign key reference target does not exist
After line 101 in file dbInitScript.sql
Statement failed, SQLSTATE = 23000
violation of FOREIGN KEY constraint "FK_SERVICES_TYPE" on table "SERVICES"
-Foreign key reference target does not exist
After line 102 in file dbInitScript.sql
Statement failed, SQLSTATE = 23000
violation of FOREIGN KEY constraint "FK_SERVICES_TYPE" on table "SERVICES"
-Foreign key reference target does not exist
After line 103 in file dbInitScript.sql
Statement failed, SQLSTATE = 23000
violation of FOREIGN KEY constraint "FK_SERVICES_TYPE" on table "SERVICES"
-Foreign key reference target does not exist
After line 104 in file dbInitScript.sql
Statement failed, SQLSTATE = 23000
violation of FOREIGN KEY constraint "FK_SERVICES_TYPE" on table "SERVICES"
-Foreign key reference target does not exist
After line 105 in file dbInitScript.sql
Statement failed, SQLSTATE = 23000
violation of FOREIGN KEY constraint "FK_SERVICES_TYPE" on table "SERVICES"
-Foreign key reference target does not exist
After line 106 in file dbInitScript.sql
Statement failed, SQLSTATE = 23000
violation of FOREIGN KEY constraint "FK_SERVICES_TYPE" on table "SERVICES"
-Foreign key reference target does not exist
After line 107 in file dbInitScript.sql
Statement failed, SQLSTATE = 23000
violation of FOREIGN KEY constraint "FK_SERVICES_TYPE" on table "SERVICES"
-Foreign key reference target does not exist
After line 108 in file dbInitScript.sql
Statement failed, SQLSTATE = 23000
violation of FOREIGN KEY constraint "FK_SERVICES_TYPE" on table "SERVICES"
-Foreign key reference target does not exist
After line 109 in file dbInitScript.sql
Statement failed, SQLSTATE = 23000
violation of FOREIGN KEY constraint "FK_SERVICES_TYPE" on table "SERVICES"
-Foreign key reference target does not exist
After line 110 in file dbInitScript.sql
Statement failed, SQLSTATE = 23000
violation of FOREIGN KEY constraint "FK_SERVICES_TYPE" on table "SERVICES"
-Foreign key reference target does not exist
After line 111 in file dbInitScript.sql
Statement failed, SQLSTATE = 23000
violation of FOREIGN KEY constraint "FK_SERVICES_TYPE" on table "SERVICES"
-Foreign key reference target does not exist
After line 112 in file dbInitScript.sql
Statement failed, SQLSTATE = 23000
violation of FOREIGN KEY constraint "FK_SERVICES_TYPE" on table "SERVICES"
-Foreign key reference target does not exist
After line 113 in file dbInitScript.sql
Statement failed, SQLSTATE = 23000
violation of FOREIGN KEY constraint "FK_SERVICES_TYPE" on table "SERVICES"
-Foreign key reference target does not exist
After line 114 in file dbInitScript.sql
Statement failed, SQLSTATE = 23000
violation of FOREIGN KEY constraint "FK_SERVICES_TYPE" on table "SERVICES"
-Foreign key reference target does not exist
After line 115 in file dbInitScript.sql
Statement failed, SQLSTATE = 23000
violation of FOREIGN KEY constraint "FK_SERVICES_TYPE" on table "SERVICES"
-Foreign key reference target does not exist
After line 116 in file dbInitScript.sql
Statement failed, SQLSTATE = 23000
violation of FOREIGN KEY constraint "FK_SERVICES_TYPE" on table "SERVICES"
-Foreign key reference target does not exist
After line 117 in file dbInitScript.sql
Statement failed, SQLSTATE = 23000
violation of FOREIGN KEY constraint "FK_SERVICES_TYPE" on table "SERVICES"
-Foreign key reference target does not exist
After line 118 in file dbInitScript.sql
Statement failed, SQLSTATE = 23000
violation of FOREIGN KEY constraint "FK_SERVICES_TYPE" on table "SERVICES"
-Foreign key reference target does not exist
After line 119 in file dbInitScript.sql
Statement failed, SQLSTATE = 23000
violation of FOREIGN KEY constraint "FK_SERVICES_TYPE" on table "SERVICES"
-Foreign key reference target does not exist
After line 120 in file dbInitScript.sql
Statement failed, SQLSTATE = 23000
violation of FOREIGN KEY constraint "FK_SERVICES_TYPE" on table "SERVICES"
-Foreign key reference target does not exist
After line 121 in file dbInitScript.sql
